Using pre-set license
Built from '2020.3/staging' branch; Version is '2020.3.24f1 (79c78de19888) revision 7980941'; Using compiler version '192528614'; Build Type 'Release'
OS: 'Windows 10  (10.0.19043) 64bit Professional' Language: 'en' Physical Memory: 16319 MB
BatchMode: 1, IsHumanControllingUs: 0, StartBugReporterOnCrash: 0, Is64bit: 1, IsPro: 0

COMMAND LINE ARGUMENTS:
C:\Program Files\Unity\Hub\Editor\2020.3.24f1\Editor\Unity.exe
-adb2
-batchMode
-noUpm
-name
AssetImportWorker2
-projectPath
F:/GitHub repos/Leave-Me-Alone-2D/Project_EndlessPlatformer
-logFile
Logs/AssetImportWorker2.log
-srvPort
52452
Successfully changed project path to: F:/GitHub repos/Leave-Me-Alone-2D/Project_EndlessPlatformer
F:/GitHub repos/Leave-Me-Alone-2D/Project_EndlessPlatformer
Using Asset Import Pipeline V2.
Refreshing native plugins compatible for Editor in 50.86 ms, found 3 plugins.
Preloading 0 native plugins for Editor in 0.00 ms.
Initialize engine version: 2020.3.24f1 (79c78de19888)
[Subsystems] Discovering subsystems at path C:/Program Files/Unity/Hub/Editor/2020.3.24f1/Editor/Data/Resources/UnitySubsystems
[Subsystems] Discovering subsystems at path F:/GitHub repos/Leave-Me-Alone-2D/Project_EndlessPlatformer/Assets
GfxDevice: creating device client; threaded=0
Direct3D:
    Version:  Direct3D 11.0 [level 11.1]
    Renderer: NVIDIA GeForce GTX 1050 Ti (ID=0x1c82)
    Vendor:   
    VRAM:     4018 MB
    Driver:   30.0.15.1259
Initialize mono
Mono path[0] = 'C:/Program Files/Unity/Hub/Editor/2020.3.24f1/Editor/Data/Managed'
Mono path[1] = 'C:/Program Files/Unity/Hub/Editor/2020.3.24f1/Editor/Data/MonoBleedingEdge/lib/mono/unityjit'
Mono config path = 'C:/Program Files/Unity/Hub/Editor/2020.3.24f1/Editor/Data/MonoBleedingEdge/etc'
Using monoOptions --debugger-agent=transport=dt_socket,embedding=1,server=y,suspend=n,address=127.0.0.1:56324
Begin MonoManager ReloadAssembly
Registering precompiled unity dll's ...
Register platform support module: C:/Program Files/Unity/Hub/Editor/2020.3.24f1/Editor/Data/PlaybackEngines/MacStandaloneSupport/UnityEditor.OSXStandalone.Extensions.dll
Register platform support module: C:/Program Files/Unity/Hub/Editor/2020.3.24f1/Editor/Data/PlaybackEngines/WindowsStandaloneSupport/UnityEditor.WindowsStandalone.Extensions.dll
Registered in 0.002039 seconds.
Native extension for WindowsStandalone target not found
Native extension for OSXStandalone target not found
Refreshing native plugins compatible for Editor in 56.35 ms, found 3 plugins.
Preloading 0 native plugins for Editor in 0.00 ms.
Mono: successfully reloaded assembly
- Completed reload, in  0.570 seconds
Domain Reload Profiling:
	ReloadAssembly (571ms)
		BeginReloadAssembly (45ms)
			ExecutionOrderSort (0ms)
			DisableScriptedObjects (0ms)
			BackupInstance (0ms)
			ReleaseScriptingObjects (0ms)
			CreateAndSetChildDomain (1ms)
		EndReloadAssembly (461ms)
			LoadAssemblies (44ms)
			RebuildTransferFunctionScriptingTraits (0ms)
			SetupTypeCache (142ms)
			ReleaseScriptCaches (0ms)
			RebuildScriptCaches (34ms)
			SetupLoadedEditorAssemblies (182ms)
				LogAssemblyErrors (0ms)
				InitializePlatformSupportModulesInManaged (5ms)
				SetLoadedEditorAssemblies (0ms)
				RefreshPlugins (56ms)
				BeforeProcessingInitializeOnLoad (17ms)
				ProcessInitializeOnLoadAttributes (78ms)
				ProcessInitializeOnLoadMethodAttributes (25ms)
				AfterProcessingInitializeOnLoad (0ms)
				EditorAssembliesLoaded (0ms)
			ExecutionOrderSort2 (0ms)
			AwakeInstancesAfterBackupRestoration (0ms)
Platform modules already initialized, skipping
Registering precompiled user dll's ...
Registered in 0.003447 seconds.
Begin MonoManager ReloadAssembly
Native extension for WindowsStandalone target not found
Native extension for OSXStandalone target not found
Refreshing native plugins compatible for Editor in 55.48 ms, found 3 plugins.
Preloading 0 native plugins for Editor in 0.00 ms.
Mono: successfully reloaded assembly
- Completed reload, in  1.218 seconds
Domain Reload Profiling:
	ReloadAssembly (1219ms)
		BeginReloadAssembly (132ms)
			ExecutionOrderSort (0ms)
			DisableScriptedObjects (4ms)
			BackupInstance (0ms)
			ReleaseScriptingObjects (0ms)
			CreateAndSetChildDomain (17ms)
		EndReloadAssembly (1030ms)
			LoadAssemblies (94ms)
			RebuildTransferFunctionScriptingTraits (0ms)
			SetupTypeCache (303ms)
			ReleaseScriptCaches (1ms)
			RebuildScriptCaches (48ms)
			SetupLoadedEditorAssemblies (430ms)
				LogAssemblyErrors (0ms)
				InitializePlatformSupportModulesInManaged (6ms)
				SetLoadedEditorAssemblies (0ms)
				RefreshPlugins (56ms)
				BeforeProcessingInitializeOnLoad (81ms)
				ProcessInitializeOnLoadAttributes (260ms)
				ProcessInitializeOnLoadMethodAttributes (19ms)
				AfterProcessingInitializeOnLoad (8ms)
				EditorAssembliesLoaded (0ms)
			ExecutionOrderSort2 (0ms)
			AwakeInstancesAfterBackupRestoration (7ms)
Platform modules already initialized, skipping
========================================================================
Worker process is ready to serve import requests
Launched and connected shader compiler UnityShaderCompiler.exe after 0.08 seconds
Refreshing native plugins compatible for Editor in 0.60 ms, found 3 plugins.
Preloading 0 native plugins for Editor in 0.00 ms.
Unloading 2545 Unused Serialized files (Serialized files now loaded: 0)
System memory in use before: 109.3 MB.
System memory in use after: 109.5 MB.

Unloading 31 unused Assets to reduce memory usage. Loaded Objects now: 2980.
Total: 3.445000 ms (FindLiveObjects: 0.315500 ms CreateObjectMapping: 0.194200 ms MarkObjects: 2.813800 ms  DeleteObjects: 0.120400 ms)

AssetImportParameters requested are different than current active one (requested -> active):
  custom:framework-win-MediaFoundation: 216162199b28c13a410421893ffa2e32 -> 
  custom:video-decoder-ogg-theora: a1e56fd34408186e4bbccfd4996cb3dc -> 
  custom:container-muxer-webm: aa71ff27fc2769a1b78a27578f13a17b -> 
  custom:container-demuxer-webm: 4f35f7cbe854078d1ac9338744f61a02 -> 
  custom:container-demuxer-ogg: 62fdf1f143b41e24485cea50d1cbac27 -> 
  custom:video-encoder-webm-vp8: eb34c28f22e8b96e1ab97ce403110664 -> 
  custom:video-decoder-webm-vp8: 9c59270c3fd7afecdb556c50c9e8de78 -> 
  custom:audio-decoder-ogg-vorbis: bf7c407c2cedff20999df2af8eb42d56 -> 
  custom:audio-encoder-webm-vorbis: bf7c407c2cedff20999df2af8eb42d56 -> 
========================================================================
Received Import Request.
  path: Assets/Prefabs/Camera
  artifactKey: Guid(99985cfbaac706c41baf6ab5e337cbfa) Importer(815301076,1909f56bfc062723c751e8b465ee728b)
Start importing Assets/Prefabs/Camera using Guid(99985cfbaac706c41baf6ab5e337cbfa) Importer(815301076,1909f56bfc062723c751e8b465ee728b)  -> (artifact id: 'ae276fddf18da1f693eca83f0103062a') in 0.009288 seconds 
  Import took 0.013018 seconds .

========================================================================
Received Import Request.
  Time since last request: 48.403418 seconds.
  path: Assets/Prefabs/Camera/Main Camera.prefab
  artifactKey: Guid(d57a0b2a71aace84ea104d579a12c603) Importer(815301076,1909f56bfc062723c751e8b465ee728b)
Start importing Assets/Prefabs/Camera/Main Camera.prefab using Guid(d57a0b2a71aace84ea104d579a12c603) Importer(815301076,1909f56bfc062723c751e8b465ee728b)  -> (artifact id: 'ae5d39dd0bbf446cccdb0c525cd26ddc') in 0.120414 seconds 
  Import took 0.137216 seconds .

========================================================================
Received Import Request.
  Time since last request: 10.508889 seconds.
  path: Assets/Prefabs/Players/Player (Char Controller).prefab
  artifactKey: Guid(fc8bb45f6b7e8c1409a7d632273624f0) Importer(815301076,1909f56bfc062723c751e8b465ee728b)
Start importing Assets/Prefabs/Players/Player (Char Controller).prefab using Guid(fc8bb45f6b7e8c1409a7d632273624f0) Importer(815301076,1909f56bfc062723c751e8b465ee728b)  -> (artifact id: '27e358a9fa917e2cced40c498792f980') in 0.116928 seconds 
  Import took 0.138077 seconds .

========================================================================
Received Import Request.
  Time since last request: 0.000264 seconds.
  path: Assets/Prefabs/Players/Player (Rigidbody 2D).prefab
  artifactKey: Guid(15c33c31ed476044e8e7911245752cc4) Importer(815301076,1909f56bfc062723c751e8b465ee728b)
Start importing Assets/Prefabs/Players/Player (Rigidbody 2D).prefab using Guid(15c33c31ed476044e8e7911245752cc4) Importer(815301076,1909f56bfc062723c751e8b465ee728b)  -> (artifact id: '111e04215ffdc8c7bcf943dccd3a6a4c') in 0.027774 seconds 
  Import took 0.031491 seconds .

========================================================================
Received Import Request.
  Time since last request: 6.280489 seconds.
  path: Assets/Prefabs/Camera/Main Camera.prefab
  artifactKey: Guid(d57a0b2a71aace84ea104d579a12c603) Importer(815301076,1909f56bfc062723c751e8b465ee728b)
Start importing Assets/Prefabs/Camera/Main Camera.prefab using Guid(d57a0b2a71aace84ea104d579a12c603) Importer(815301076,1909f56bfc062723c751e8b465ee728b)  -> (artifact id: '7fb31d69c1f269833441de67600a64d2') in 0.021404 seconds 
  Import took 0.030582 seconds .

========================================================================
Received Import Request.
  Time since last request: 38.361975 seconds.
  path: Assets/Prefabs/Managers/Managers.prefab
  artifactKey: Guid(39510f837e52c51419f03613c84f7e1d) Importer(815301076,1909f56bfc062723c751e8b465ee728b)
Start importing Assets/Prefabs/Managers/Managers.prefab using Guid(39510f837e52c51419f03613c84f7e1d) Importer(815301076,1909f56bfc062723c751e8b465ee728b)  -> (artifact id: 'eae856e0d26d410e9193bd5f4eedb631') in 0.014269 seconds 
  Import took 0.018452 seconds .

========================================================================
Received Import Request.
  Time since last request: 7.018989 seconds.
  path: Assets/Prefabs/Managers/Level Generator.prefab
  artifactKey: Guid(1ab9b0798655ac445bd09ddb0201c145) Importer(815301076,1909f56bfc062723c751e8b465ee728b)
Start importing Assets/Prefabs/Managers/Level Generator.prefab using Guid(1ab9b0798655ac445bd09ddb0201c145) Importer(815301076,1909f56bfc062723c751e8b465ee728b)  -> (artifact id: '97157c42b7965a20c0c4c489c341d481') in 0.011922 seconds 
  Import took 0.016504 seconds .

========================================================================
Received Import Request.
  Time since last request: 15.658002 seconds.
  path: Assets/Prefabs/UI
  artifactKey: Guid(cde57457bb81bd343bea1d6a7c09ed7f) Importer(815301076,1909f56bfc062723c751e8b465ee728b)
Start importing Assets/Prefabs/UI using Guid(cde57457bb81bd343bea1d6a7c09ed7f) Importer(815301076,1909f56bfc062723c751e8b465ee728b)  -> (artifact id: '55a0785a9f337f1a7f0291f1c6ca8fde') in 0.006245 seconds 
  Import took 0.023859 seconds .

========================================================================
Received Import Request.
  Time since last request: 4.629119 seconds.
  path: Assets/Prefabs/UI/Swipe Trail.prefab
  artifactKey: Guid(c317776177774cf47afb2c3cad90e62d) Importer(815301076,1909f56bfc062723c751e8b465ee728b)
Start importing Assets/Prefabs/UI/Swipe Trail.prefab using Guid(c317776177774cf47afb2c3cad90e62d) Importer(815301076,1909f56bfc062723c751e8b465ee728b)  -> (artifact id: 'a10e220d93bddcf4d961a46936b2c792') in 0.010426 seconds 
  Import took 0.026520 seconds .

========================================================================
Received Import Request.
  Time since last request: 15.362857 seconds.
  path: Assets/Prefabs/Managers
  artifactKey: Guid(32b80f74531a144418f1d54faacc3189) Importer(815301076,1909f56bfc062723c751e8b465ee728b)
Start importing Assets/Prefabs/Managers using Guid(32b80f74531a144418f1d54faacc3189) Importer(815301076,1909f56bfc062723c751e8b465ee728b)  -> (artifact id: 'f86d207368d3e233ac01320be02fddf0') in 0.002602 seconds 
  Import took 0.018192 seconds .

========================================================================
Received Import Request.
  Time since last request: 13.542992 seconds.
  path: Assets/Prefabs/Managers/Managers.prefab
  artifactKey: Guid(39510f837e52c51419f03613c84f7e1d) Importer(815301076,1909f56bfc062723c751e8b465ee728b)
Start importing Assets/Prefabs/Managers/Managers.prefab using Guid(39510f837e52c51419f03613c84f7e1d) Importer(815301076,1909f56bfc062723c751e8b465ee728b)  -> (artifact id: '3decd9d5271339716672d3a55df5591c') in 0.005161 seconds 
  Import took 0.027084 seconds .

========================================================================
Received Prepare
Registering precompiled user dll's ...
Registered in 0.003202 seconds.
Begin MonoManager ReloadAssembly
Native extension for WindowsStandalone target not found
Native extension for OSXStandalone target not found
Refreshing native plugins compatible for Editor in 0.49 ms, found 3 plugins.
Preloading 0 native plugins for Editor in 0.00 ms.
Mono: successfully reloaded assembly
- Completed reload, in  0.955 seconds
Domain Reload Profiling:
	ReloadAssembly (955ms)
		BeginReloadAssembly (110ms)
			ExecutionOrderSort (0ms)
			DisableScriptedObjects (6ms)
			BackupInstance (0ms)
			ReleaseScriptingObjects (0ms)
			CreateAndSetChildDomain (33ms)
		EndReloadAssembly (793ms)
			LoadAssemblies (81ms)
			RebuildTransferFunctionScriptingTraits (0ms)
			SetupTypeCache (279ms)
			ReleaseScriptCaches (1ms)
			RebuildScriptCaches (37ms)
			SetupLoadedEditorAssemblies (292ms)
				LogAssemblyErrors (0ms)
				InitializePlatformSupportModulesInManaged (4ms)
				SetLoadedEditorAssemblies (0ms)
				RefreshPlugins (1ms)
				BeforeProcessingInitializeOnLoad (70ms)
				ProcessInitializeOnLoadAttributes (202ms)
				ProcessInitializeOnLoadMethodAttributes (10ms)
				AfterProcessingInitializeOnLoad (5ms)
				EditorAssembliesLoaded (0ms)
			ExecutionOrderSort2 (0ms)
			AwakeInstancesAfterBackupRestoration (8ms)
Platform modules already initialized, skipping
Switching build target platform(19) subTarget(0) extendedPlatform(0) -> platform(13) subTarget(537395200) extendedPlatform(0)
Refreshing native plugins compatible for Editor in 0.55 ms, found 3 plugins.
Preloading 0 native plugins for Editor in 0.00 ms.
Unloading 2537 Unused Serialized files (Serialized files now loaded: 0)
System memory in use before: 111.9 MB.
System memory in use after: 112.2 MB.

Unloading 18 unused Assets to reduce memory usage. Loaded Objects now: 2989.
Total: 2.878300 ms (FindLiveObjects: 0.209400 ms CreateObjectMapping: 0.097800 ms MarkObjects: 2.554500 ms  DeleteObjects: 0.015700 ms)

AssetImportParameters requested are different than current active one (requested -> active):
  custom:framework-win-MediaFoundation: 216162199b28c13a410421893ffa2e32 -> 
  custom:video-decoder-ogg-theora: a1e56fd34408186e4bbccfd4996cb3dc -> 
  custom:container-muxer-webm: aa71ff27fc2769a1b78a27578f13a17b -> 
  custom:container-demuxer-webm: 4f35f7cbe854078d1ac9338744f61a02 -> 
  custom:container-demuxer-ogg: 62fdf1f143b41e24485cea50d1cbac27 -> 
  custom:video-encoder-webm-vp8: eb34c28f22e8b96e1ab97ce403110664 -> 
  custom:video-decoder-webm-vp8: 9c59270c3fd7afecdb556c50c9e8de78 -> 
  custom:graphics/normal-map-encoding: 01000000000000000000000000000000 -> 02000000000000000000000000000000
  custom:audio-decoder-ogg-vorbis: bf7c407c2cedff20999df2af8eb42d56 -> 
  custom:audio-encoder-webm-vorbis: bf7c407c2cedff20999df2af8eb42d56 -> 
========================================================================
Received Import Request.
  Time since last request: 116.721989 seconds.
  path: Assets/Prefabs/Managers/Level Generator.prefab
  artifactKey: Guid(1ab9b0798655ac445bd09ddb0201c145) Importer(815301076,1909f56bfc062723c751e8b465ee728b)
Start importing Assets/Prefabs/Managers/Level Generator.prefab using Guid(1ab9b0798655ac445bd09ddb0201c145) Importer(815301076,1909f56bfc062723c751e8b465ee728b)  -> (artifact id: '1d74490a6e1b65b9a1d20e5e2a812f89') in 0.026575 seconds 
  Import took 0.048768 seconds .

========================================================================
Received Import Request.
  Time since last request: 20.183421 seconds.
  path: Assets/Prefabs/Managers/Level Generator.prefab
  artifactKey: Guid(1ab9b0798655ac445bd09ddb0201c145) Importer(815301076,1909f56bfc062723c751e8b465ee728b)
Start importing Assets/Prefabs/Managers/Level Generator.prefab using Guid(1ab9b0798655ac445bd09ddb0201c145) Importer(815301076,1909f56bfc062723c751e8b465ee728b)  -> (artifact id: 'c9f91ecfddbca2852c2e3bdad9bdcd5a') in 0.013887 seconds 
  Import took 0.037649 seconds .

